\BOOKMARK [0][-]{chapter.1}{Introduction}{}
\BOOKMARK [1][-]{section.1.1}{Traffic Assignment Models}{chapter.1}
\BOOKMARK [0][-]{chapter.2}{Problem Description}{}
\BOOKMARK [1][-]{section.2.1}{Notations and Definitions}{chapter.2}
\BOOKMARK [1][-]{section.2.2}{Shortest Path Problem}{chapter.2}
\BOOKMARK [1][-]{section.2.3}{Traffic Assignment}{chapter.2}
\BOOKMARK [2][-]{subsection.2.3.1}{Path Equilibration}{section.2.3}
\BOOKMARK [2][-]{subsection.2.3.2}{Frank-Wolfe}{section.2.3}
\BOOKMARK [1][-]{section.2.4}{Data Structures}{chapter.2}
\BOOKMARK [2][-]{subsection.2.4.1}{Forward Star}{section.2.4}
\BOOKMARK [2][-]{subsection.2.4.2}{Priority Queue and Heap}{section.2.4}
\BOOKMARK [1][-]{section.2.5}{Problem Data and Result Explanation}{chapter.2}
\BOOKMARK [0][-]{chapter.3}{Solving the Shortest Path Problem}{}
\BOOKMARK [1][-]{section.3.1}{General Shortest Path Algorithm}{chapter.3}
\BOOKMARK [1][-]{section.3.2}{Label Correcting Algorithm}{chapter.3}
\BOOKMARK [1][-]{section.3.3}{Label Setting Algorithm}{chapter.3}
\BOOKMARK [2][-]{subsection.3.3.1}{Heap Implementation}{section.3.3}
\BOOKMARK [1][-]{section.3.4}{A* Algorithm}{chapter.3}
\BOOKMARK [1][-]{section.3.5}{Bidirectional Dijkstra}{chapter.3}
\BOOKMARK [1][-]{section.3.6}{Bidirectional A*}{chapter.3}
\BOOKMARK [1][-]{section.3.7}{Preprocessing}{chapter.3}
\BOOKMARK [0][-]{Appendix.a.A}{Appendix Code}{}
\BOOKMARK [0][-]{Appendix.a.B}{Appendix More Code}{}
\BOOKMARK [0][-]{section*.6}{References}{}
